# JRE version: OpenJDK Runtime Environment Microsoft-8035246 (17.0.8+7) (build 17.0.8+7-LTS)
# Java VM: OpenJDK 64-Bit Server VM Microsoft-8035246 (17.0.8+7-LTS, mixed mode, sharing, tiered, compressed oops, compressed class ptrs, g1 gc, windows-amd64)
GC Precious Log:
 CPUs: 4 total, 4 available
 Memory: 7998M
 Large Page Support: Disabled
 NUMA Support: Disabled
 Compressed Oops: Enabled (32-bit)
 Heap Region Size: 1M
 Heap Min Capacity: 8M
 Heap Initial Capacity: 126M
 Heap Max Capacity: 2000M
 Pre-touch: Disabled
 Parallel Workers: 4
 Concurrent Workers: 1
 Concurrent Refinement Workers: 4
 Periodic GC: Disabled
Heap:
 garbage-first heap   total 230400K, used 155472K [0x0000000083000000, 0x0000000100000000)
  region size 1024K, 28 young (28672K), 5 survivors (5120K)
 Metaspace       used 84859K, committed 85248K, reserved 1179648K
  class space    used 8951K, committed 9152K, reserved 1048576K
GC Heap History (20 events):
Event: 256.821 GC heap before
{Heap before GC invocations=61 (full 0):
 garbage-first heap   total 189440K, used 151724K [0x0000000083000000, 0x0000000100000000)
  region size 1024K, 33 young (33792K), 1 survivors (1024K)
 Metaspace       used 75739K, committed 76096K, reserved 1179648K
  class space    used 8304K, committed 8512K, reserved 1048576K
}
Event: 256.836 GC heap after
{Heap after GC invocations=62 (full 0):
 garbage-first heap   total 189440K, used 121862K [0x0000000083000000, 0x0000000100000000)
  region size 1024K, 4 young (4096K), 4 survivors (4096K)
 Metaspace       used 75739K, committed 76096K, reserved 1179648K
  class space    used 8304K, committed 8512K, reserved 1048576K
}
Event: 259.112 GC heap before
{Heap before GC invocations=62 (full 0):
 garbage-first heap   total 189440K, used 153606K [0x0000000083000000, 0x0000000100000000)
  region size 1024K, 35 young (35840K), 4 survivors (4096K)
 Metaspace       used 77358K, committed 77760K, reserved 1179648K
  class space    used 8454K, committed 8640K, reserved 1048576K
}
Event: 259.127 GC heap after
{Heap after GC invocations=63 (full 0):
 garbage-first heap   total 189440K, used 123365K [0x0000000083000000, 0x0000000100000000)
  region size 1024K, 2 young (2048K), 2 survivors (2048K)
 Metaspace       used 77358K, committed 77760K, reserved 1179648K
  class space    used 8454K, committed 8640K, reserved 1048576K
}
Event: 262.193 GC heap before
{Heap before GC invocations=63 (full 0):
 garbage-first heap   total 189440K, used 156133K [0x0000000083000000, 0x0000000100000000)
  region size 1024K, 34 young (34816K), 2 survivors (2048K)
 Metaspace       used 78240K, committed 78656K, reserved 1179648K
  class space    used 8512K, committed 8704K, reserved 1048576K
}
Event: 262.206 GC heap after
{Heap after GC invocations=64 (full 0):
 garbage-first heap   total 189440K, used 124476K [0x0000000083000000, 0x0000000100000000)
  region size 1024K, 3 young (3072K), 3 survivors (3072K)
 Metaspace       used 78240K, committed 78656K, reserved 1179648K
  class space    used 8512K, committed 8704K, reserved 1048576K
}
Event: 264.549 GC heap before
{Heap before GC invocations=64 (full 0):
 garbage-first heap   total 189440K, used 157244K [0x0000000083000000, 0x0000000100000000)
  region size 1024K, 35 young (35840K), 3 survivors (3072K)
 Metaspace       used 78572K, committed 78912K, reserved 1179648K
  class space    used 8537K, committed 8704K, reserved 1048576K
}
Event: 264.564 GC heap after
{Heap after GC invocations=65 (full 0):
 garbage-first heap   total 189440K, used 125728K [0x0000000083000000, 0x0000000100000000)
  region size 1024K, 4 young (4096K), 4 survivors (4096K)
 Metaspace       used 78572K, committed 78912K, reserved 1179648K
  class space    used 8537K, committed 8704K, reserved 1048576K
}
Event: 266.297 GC heap before
{Heap before GC invocations=65 (full 0):
 garbage-first heap   total 189440K, used 158496K [0x0000000083000000, 0x0000000100000000)
  region size 1024K, 36 young (36864K), 4 survivors (4096K)
 Metaspace       used 78727K, committed 79104K, reserved 1179648K
  class space    used 8539K, committed 8704K, reserved 1048576K
}
Event: 266.325 GC heap after
{Heap after GC invocations=66 (full 0):
 garbage-first heap   total 189440K, used 126848K [0x0000000083000000, 0x0000000100000000)
  region size 1024K, 3 young (3072K), 3 survivors (3072K)
 Metaspace       used 78727K, committed 79104K, reserved 1179648K
  class space    used 8539K, committed 8704K, reserved 1048576K
}
Event: 268.379 GC heap before
{Heap before GC invocations=66 (full 0):
 garbage-first heap   total 189440K, used 159616K [0x0000000083000000, 0x0000000100000000)
  region size 1024K, 35 young (35840K), 3 survivors (3072K)
 Metaspace       used 79042K, committed 79424K, reserved 1179648K
  class space    used 8559K, committed 8768K, reserved 1048576K
}
Event: 268.398 GC heap after
{Heap after GC invocations=67 (full 0):
 garbage-first heap   total 189440K, used 128102K [0x0000000083000000, 0x0000000100000000)
  region size 1024K, 4 young (4096K), 4 survivors (4096K)
 Metaspace       used 79042K, committed 79424K, reserved 1179648K
  class space    used 8559K, committed 8768K, reserved 1048576K
}
Event: 269.529 GC heap before
{Heap before GC invocations=67 (full 0):
 garbage-first heap   total 189440K, used 160870K [0x0000000083000000, 0x0000000100000000)
  region size 1024K, 36 young (36864K), 4 survivors (4096K)
 Metaspace       used 79264K, committed 79680K, reserved 1179648K
  class space    used 8572K, committed 8768K, reserved 1048576K
}
Event: 269.545 GC heap after
{Heap after GC invocations=68 (full 0):
 garbage-first heap   total 189440K, used 128654K [0x0000000083000000, 0x0000000100000000)
  region size 1024K, 3 young (3072K), 3 survivors (3072K)
 Metaspace       used 79264K, committed 79680K, reserved 1179648K
  class space    used 8572K, committed 8768K, reserved 1048576K
}
Event: 271.596 GC heap before
{Heap before GC invocations=68 (full 0):
 garbage-first heap   total 189440K, used 162446K [0x0000000083000000, 0x0000000100000000)
  region size 1024K, 36 young (36864K), 3 survivors (3072K)
 Metaspace       used 81378K, committed 81792K, reserved 1179648K
  class space    used 8752K, committed 8960K, reserved 1048576K
}
Event: 271.614 GC heap after
{Heap after GC invocations=69 (full 0):
 garbage-first heap   total 189440K, used 129950K [0x0000000083000000, 0x0000000100000000)
  region size 1024K, 3 young (3072K), 3 survivors (3072K)
 Metaspace       used 81378K, committed 81792K, reserved 1179648K
  class space    used 8752K, committed 8960K, reserved 1048576K
}
Event: 276.225 GC heap before
{Heap before GC invocations=69 (full 0):
 garbage-first heap   total 189440K, used 162718K [0x0000000083000000, 0x0000000100000000)
  region size 1024K, 36 young (36864K), 3 survivors (3072K)
 Metaspace       used 84115K, committed 84480K, reserved 1179648K
  class space    used 8928K, committed 9088K, reserved 1048576K
}
Event: 276.246 GC heap after
{Heap after GC invocations=70 (full 0):
 garbage-first heap   total 189440K, used 132789K [0x0000000083000000, 0x0000000100000000)
  region size 1024K, 5 young (5120K), 5 survivors (5120K)
 Metaspace       used 84115K, committed 84480K, reserved 1179648K
  class space    used 8928K, committed 9088K, reserved 1048576K
}
Event: 279.901 GC heap before
{Heap before GC invocations=70 (full 0):
 garbage-first heap   total 189440K, used 162485K [0x0000000083000000, 0x0000000100000000)
  region size 1024K, 34 young (34816K), 5 survivors (5120K)
 Metaspace       used 84617K, committed 84992K, reserved 1179648K
  class space    used 8944K, committed 9152K, reserved 1048576K
}
Event: 279.923 GC heap after
{Heap after GC invocations=71 (full 0):
 garbage-first heap   total 189440K, used 134992K [0x0000000083000000, 0x0000000100000000)
  region size 1024K, 5 young (5120K), 5 survivors (5120K)
 Metaspace       used 84617K, committed 84992K, reserved 1179648K
  class space    used 8944K, committed 9152K, reserved 1048576K
}

